MPASM 03.90 Released                             CARTELES.ASM   11-23-2007  9:14:55         PAGE  1


LOC  OBJECT CODE     LINE SOURCE TEXT
  VALUE

                      00001         list p=16f871
                      00002         #include <p16f871.inc>
                      00001         LIST
                      00002 ; P16F871.INC  Standard Header File, Version 1.00    Microchip Technology, Inc.
                      00306         LIST
                      00003 ;EJEMPLO 1 (displays de 7 segmentos): "PRUEBA DE ALGORITMO DE VISUALIZACIÓN DE CARACTERES"
                      00004 ;El refrescamiento de la información en las lámparas se realiza dentro del Programa Principal
                      00005 ;lo que no es conveniente, puesto que la demora de refrescamiento estaría condicionando la lectura
                      00006 ;del switch (RB0) que conmuta el cartel.
                      00007 ;DISPLAYS: Ánodo Común. Para tecnología cátodo se debe complementar el dato antes de mandarlo
                      00008 ;al PUERTO D
                      00009 
                      00010 ;Nota: Los Datos que aquí se visualizan están en Código 7 Segmento; por lo tanto no se necesita
                      00011 ;implementar la decodificación.
                      00012 
                      00013 ;============================================================================
                      00014 ;ZONA DE DECLARACIÓN DE SÍMBOLOS Y VARIABLES.
                      00015 ;============================================================================
                      00016 ;buffers de las lamparas. Aquí se almacena el dato en 7 segmentos que deberá visualizarse en
                      00017 ;los displays (L1 ... L6). 
                      00018 
  00000020            00019 L1              equ     0x20
  00000021            00020 L2              equ     0x21
  00000022            00021 L3              equ     0x22
  00000023            00022 L4              equ     0x23
  00000024            00023 L5              equ     0x24
  00000025            00024 L6              equ     0x25
                      00025 
                      00026 ;parametros para demora universal
                      00027 
  00000026            00028 N               equ     0x26    ;factores de demora
  00000027            00029 M               equ     0x27
                      00030 
                      00031 ;contadores auxiliares
                      00032 
  00000028            00033 cont1           equ     0x28    ;contadores auxiliares
  00000029            00034 cont2           equ     0x29
  0000002A            00035 cont3           equ     0x2a
                      00036 
                      00037         
                      00038 
                      00039 
                      00040 ;=========================================================================
                      00041 ;Definición de Vectores (Reset).
                      00042 ;=========================================================================
                      00043 
0000                  00044                         org 0
0000   2801           00045                         goto inicio             ;vector de RESET.
                      00046 
                      00047 
0001   1283           00048 inicio                          bcf 3,5
0002   1303           00049                         bcf 3,6                 ;banco 0
                      00050                         ;===========================================================
MPASM 03.90 Released                             CARTELES.ASM   11-23-2007  9:14:55         PAGE  2


LOC  OBJECT CODE     LINE SOURCE TEXT
  VALUE

                      00051                         ;BLOQUE QUE DEFINE LAS CONDICIONES INICIALES DEL SISTEMA
                      00052                         ;===========================================================
                      00053                 
                      00054                         ;============================================================
                      00055                         ;Bloque de Configuración del Hardware.
                      00056                         ;============================================================           
                      00057                         ;-------------------------------------------------------------------------------
                            ------------------------------------    
                      00058                         ;definicion de E/S
                      00059                         ;modifica los registros TRIS (banco 1 de la RAM)
                      00060 
0003   1683           00061                         bsf 3,5         ;banco 1
                      00062 
Message[302]: Register in operand not in bank 0.  Ensure that bank bits are correct.
0004   0188           00063                         clrf TRISD              ;Bus de Datos para los segmentos (Puerto D)
                      00064 
0005   30C7           00065                         movlw b'11000111'       ;rc3, rc4 y rc5 salidas
Message[302]: Register in operand not in bank 0.  Ensure that bank bits are correct.
0006   0087           00066                         movwf TRISC
                      00067 
Message[302]: Register in operand not in bank 0.  Ensure that bank bits are correct.
0007   0189           00068                         clrf TRISE              ;Puerto E salidas de comunes de displays
                      00069                         ;-------------------------------------------------------------------------------
                            ------------------------------------    
                      00070                         ;definición de líneas digitales (necesario para que RE0, RE1 y RE2 funcionen com
                            o tal)
                      00071         
0008   3007           00072                         movlw 7         ;líneas del Puerto E DIGITALES
Message[302]: Register in operand not in bank 0.  Ensure that bank bits are correct.
0009   009F           00073                         movwf ADCON1
                      00074                         ;-------------------------------------------------------------------------------
                            ------------------------------------    
                      00075                         ;Habilitación de los pull ups del puerto B (bit 7 del registro OPTION_REG)
Message[302]: Register in operand not in bank 0.  Ensure that bank bits are correct.
000A   1381           00076                         bcf OPTION_REG,7
                      00077 
000B   1283           00078                         bcf 3,5                 ;banco 0
                      00079         
                      00080 ;===========================================================
                      00081 ;BLOQUE PRINCIPAL (PROGRAMA PRINCIPAL)
                      00082 ;===========================================================
                      00083 
                      00084                         ;selector de cartel
                      00085                         ;TESTEO DEL PIN RB0 (SWITCH)
000C   1C06           00086 again                   btfss PORTB,0   
000D   281A           00087                         goto dos
                      00088                         ;RB0 = 0 visualizar cartel "UDA" 
                      00089                         ;carga caracteres a visualizar
                      00090                         ;"UDA"
000E   30C1           00091                         movlw 0xc1
000F   00A0           00092                         movwf L1
0010   30A1           00093                         movlw 0xa1
0011   00A1           00094                         movwf L2
MPASM 03.90 Released                             CARTELES.ASM   11-23-2007  9:14:55         PAGE  3


LOC  OBJECT CODE     LINE SOURCE TEXT
  VALUE

0012   3088           00095                         movlw 0x88
0013   00A2           00096                         movwf L3
                      00097                         ;"o o o"
0014   30A3           00098                         movlw 0xa3
0015   00A3           00099                         movwf L4
0016   00A4           00100                         movwf L5
0017   00A5           00101                         movwf L6
0018   2028           00102                         call refresca
0019   280C           00103                         goto again
                      00104                 
001A                  00105 dos                     ;RB0 = 1 visualizar cartel "ELECtr" 
                      00106                         ;carga caracteres a visualizar
001A   3086           00107                         movlw 0x86
001B   00A0           00108                         movwf L1
001C   30C7           00109                         movlw 0xc7
001D   00A1           00110                         movwf L2
001E   3086           00111                         movlw 0x86
001F   00A2           00112                         movwf L3
0020   30C6           00113                         movlw 0xc6
0021   00A3           00114                         movwf L4
0022   3087           00115                         movlw 0x87
0023   00A4           00116                         movwf L5
0024   30AF           00117                         movlw 0xaf
0025   00A5           00118                         movwf L6
0026   2028           00119                         call refresca           ;refrescar display
0027   280C           00120                         goto again
                      00121 
                      00122 ;============================================================================           
                      00123 ;BLOQUE DE SUBRUTINAS
                      00124 ;============================================================================
                      00125 ;*******************************************************************************************************
                            ****************
                      00126 ;subrutina de refrescamiento. Este caso NO incluye la decodificación de BCD a 7 segmentos
                      00127 ;puesto que en el Programa Principal se cargan los datos en 7 segmento directamente
                      00128 ;*******************************************************************************************************
                            ****************
                      00129 
0028                  00130 refresca        ;apaga todas las lámparas al inicio.
                      00131                 ;---------------------------------------------------------------------------------------
                            ------------------
                      00132                 ;apaga comunes del puerto C
0028   1587           00133                 bsf PORTC,3
0029   1607           00134                 bsf PORTC,4
002A   1687           00135                 bsf PORTC,5
                      00136                 ;apaga comunes del puerto E
002B   30FF           00137                 movlw 0xff
002C   0089           00138                 movwf PORTE
                      00139                 ;---------------------------------------------------------------------------------------
                            ------------------
                      00140                 ;PROCESAR LAMPARA L1 (COMÚN RC3)
                      00141                 ;---------------------------------------------------------------------------------------
                            ------------------
002D   1187           00142                 bcf PORTC,3             ;enciende común de L1
MPASM 03.90 Released                             CARTELES.ASM   11-23-2007  9:14:55         PAGE  4


LOC  OBJECT CODE     LINE SOURCE TEXT
  VALUE

002E   0820           00143                 movf L1,w               ;saca dato de L1 desde RAM
002F   0088           00144                 movwf PORTD             ;pone dato de L1 en PORTD
0030   204C           00145                 call dem_refresc
0031   1587           00146                 bsf PORTC,3             ;apaga L1
                      00147                 ;---------------------------------------------------------------------------------------
                            ------------------
                      00148                 ;PROCESAR LAMPARA L2 (COMÚN RC4)
                      00149                 ;---------------------------------------------------------------------------------------
                            ------------------
0032   1207           00150                 bcf PORTC,4             ;enciende común de L2
0033   0821           00151                 movf L2,w               ;saca dato de L2 desde RAM
0034   0088           00152                 movwf PORTD             ;pone dato de L2 en PORTD
0035   204C           00153                 call dem_refresc
0036   1607           00154                 bsf PORTC,4             ;apaga L2
                      00155                 ;---------------------------------------------------------------------------------------
                            ------------------
                      00156                 ;PROCESAR LAMPARA L3 (COMÚN RC5)
                      00157                 ;---------------------------------------------------------------------------------------
                            ------------------
0037   1287           00158                 bcf PORTC,5             ;enciende común de L3
0038   0822           00159                 movf L3,w               ;saca dato de L3 desde RAM
0039   0088           00160                 movwf PORTD             ;pone dato de L3 en PORTD
003A   204C           00161                 call dem_refresc
003B   1687           00162                 bsf PORTC,5             ;apaga L3
                      00163                 ;---------------------------------------------------------------------------------------
                            ------------------
                      00164                 ;PROCESAR LAMPARA L4 (COMÚN RE0)
                      00165                 ;---------------------------------------------------------------------------------------
                            ------------------
003C   1009           00166                 bcf PORTE,0             ;enciende común de L4
003D   0823           00167                 movf L4,w               ;saca dato de L4 desde RAM
003E   0088           00168                 movwf PORTD             ;pone dato de L4 en PORTD
003F   204C           00169                 call dem_refresc
0040   1409           00170                 bsf PORTE,0             ;apaga L4
                      00171                 ;---------------------------------------------------------------------------------------
                            ------------------
                      00172                 ;PROCESAR LAMPARA L5 (COMÚN RE1)
                      00173                 ;---------------------------------------------------------------------------------------
                            ------------------
0041   1089           00174                 bcf PORTE,1             ;enciende común de L5
0042   0824           00175                 movf L5,w               ;saca dato de L5 desde RAM
0043   0088           00176                 movwf PORTD             ;pone dato de L5 en PORTD
0044   204C           00177                 call dem_refresc
0045   1489           00178                 bsf PORTE,1             ;apaga L5
                      00179                 ;---------------------------------------------------------------------------------------
                            ------------------
                      00180                 ;PROCESAR LAMPARA L6 (COMÚN RE2)
                      00181                 ;---------------------------------------------------------------------------------------
                            ------------------
0046   1109           00182                 bcf PORTE,2             ;enciende común de L6
0047   0825           00183                 movf L6,w               ;saca dato de L6 desde RAM
0048   0088           00184                 movwf PORTD             ;pone dato de L6 en PORTD
0049   204C           00185                 call dem_refresc
MPASM 03.90 Released                             CARTELES.ASM   11-23-2007  9:14:55         PAGE  5


LOC  OBJECT CODE     LINE SOURCE TEXT
  VALUE

004A   1509           00186                 bsf PORTE,2             ;apaga L6
                      00187                 ;FIN DEL PROCESO
004B   0008           00188                 return                  ;retorno de la subrutina.
                      00189 ;*******************************************************************************************************
                            ****************
                      00190 ;subrutina de DEMORA para exhibir el dato en cada display
                      00191 ;*******************************************************************************************************
                            ****************
004C                  00192 dem_refresc     ;return
004C   3028           00193                 movlw d'40'
004D   00A7           00194                 movwf M
004E   300A           00195                 movlw d'10'
004F   00A6           00196                 movwf N
0050   2052           00197                 call demora
0051   0008           00198                 return
                      00199 ;*******************************************************************************************************
                            ****************
                      00200 ;subrutina de DEMORA paramétrica general
                      00201 ;*******************************************************************************************************
                            ****************
0052                  00202 demora  ;return
0052   0826           00203                 movf N,w
0053   00A8           00204                 movwf cont1
0054   00A9           00205                 movwf cont2
0055   0827           00206                 movf M,w
0056   00AA           00207                 movwf cont3
Message[305]: Using default destination of 1 (file).
0057   0BA8           00208 loop            decfsz cont1
0058   2857           00209                 goto loop
0059   0826           00210                 movf N,w
005A   00A8           00211                 movwf cont1
Message[305]: Using default destination of 1 (file).
005B   0BA9           00212                 decfsz cont2
005C   2857           00213                 goto loop
005D   0826           00214                 movf N,w
005E   00A9           00215                 movwf cont2
Message[305]: Using default destination of 1 (file).
005F   0BAA           00216                 decfsz cont3
0060   2857           00217                 goto loop
                      00218                 ;fin del proceso
0061   0008           00219                 return
                      00220                 
                      00221                 end
MPASM 03.90 Released                             CARTELES.ASM   11-23-2007  9:14:55         PAGE  6


SYMBOL TABLE
  LABEL                             VALUE 

ADCON0                            0000001F
ADCON1                            0000009F
ADCS0                             00000006
ADCS1                             00000007
ADDEN                             00000003
ADFM                              00000007
ADIE                              00000006
ADIF                              00000006
ADON                              00000000
ADRESH                            0000001E
ADRESL                            0000009E
BRGH                              00000002
C                                 00000000
CCP1CON                           00000017
CCP1IE                            00000002
CCP1IF                            00000002
CCP1M0                            00000000
CCP1M1                            00000001
CCP1M2                            00000002
CCP1M3                            00000003
CCP1X                             00000005
CCP1Y                             00000004
CCPR1H                            00000016
CCPR1L                            00000015
CHS0                              00000003
CHS1                              00000004
CHS2                              00000005
CREN                              00000004
CSRC                              00000007
DC                                00000001
EEADR                             0000010D
EEADRH                            0000010F
EECON1                            0000018C
EECON2                            0000018D
EEDATA                            0000010C
EEDATH                            0000010E
EEIE                              00000004
EEIF                              00000004
EEPGD                             00000007
F                                 00000001
FERR                              00000002
FSR                               00000004
GIE                               00000007
GO                                00000002
GO_DONE                           00000002
IBF                               00000007
IBOV                              00000005
INDF                              00000000
INTCON                            0000000B
INTE                              00000004
INTEDG                            00000006
INTF                              00000001
IRP                               00000007
MPASM 03.90 Released                             CARTELES.ASM   11-23-2007  9:14:55         PAGE  7


SYMBOL TABLE
  LABEL                             VALUE 

L1                                00000020
L2                                00000021
L3                                00000022
L4                                00000023
L5                                00000024
L6                                00000025
M                                 00000027
N                                 00000026
NOT_BO                            00000000
NOT_BOR                           00000000
NOT_DONE                          00000002
NOT_PD                            00000003
NOT_POR                           00000001
NOT_RBPU                          00000007
NOT_RC8                           00000006
NOT_T1SYNC                        00000002
NOT_TO                            00000004
NOT_TX8                           00000006
OBF                               00000006
OERR                              00000001
OPTION_REG                        00000081
PCFG0                             00000000
PCFG1                             00000001
PCFG2                             00000002
PCFG3                             00000003
PCL                               00000002
PCLATH                            0000000A
PCON                              0000008E
PEIE                              00000006
PIE1                              0000008C
PIE2                              0000008D
PIR1                              0000000C
PIR2                              0000000D
PORTA                             00000005
PORTB                             00000006
PORTC                             00000007
PORTD                             00000008
PORTE                             00000009
PR2                               00000092
PS0                               00000000
PS1                               00000001
PS2                               00000002
PSA                               00000003
PSPIE                             00000007
PSPIF                             00000007
PSPMODE                           00000004
RBIE                              00000003
RBIF                              00000000
RC8_9                             00000006
RC9                               00000006
RCD8                              00000000
RCIE                              00000005
RCIF                              00000005
MPASM 03.90 Released                             CARTELES.ASM   11-23-2007  9:14:55         PAGE  8


SYMBOL TABLE
  LABEL                             VALUE 

RCREG                             0000001A
RCSTA                             00000018
RD                                00000000
RP0                               00000005
RP1                               00000006
RX9                               00000006
RX9D                              00000000
SPBRG                             00000099
SPEN                              00000007
SREN                              00000005
STATUS                            00000003
SYNC                              00000004
T0CS                              00000005
T0IE                              00000005
T0IF                              00000002
T0SE                              00000004
T1CKPS0                           00000004
T1CKPS1                           00000005
T1CON                             00000010
T1INSYNC                          00000002
T1OSCEN                           00000003
T1SYNC                            00000002
T2CKPS0                           00000000
T2CKPS1                           00000001
T2CON                             00000012
TMR0                              00000001
TMR1CS                            00000001
TMR1H                             0000000F
TMR1IE                            00000000
TMR1IF                            00000000
TMR1L                             0000000E
TMR1ON                            00000000
TMR2                              00000011
TMR2IE                            00000001
TMR2IF                            00000001
TMR2ON                            00000002
TOUTPS0                           00000003
TOUTPS1                           00000004
TOUTPS2                           00000005
TOUTPS3                           00000006
TRISA                             00000085
TRISB                             00000086
TRISC                             00000087
TRISD                             00000088
TRISE                             00000089
TRISE0                            00000000
TRISE1                            00000001
TRISE2                            00000002
TRMT                              00000001
TX8_9                             00000006
TX9                               00000006
TX9D                              00000000
TXD8                              00000000
MPASM 03.90 Released                             CARTELES.ASM   11-23-2007  9:14:55         PAGE  9


SYMBOL TABLE
  LABEL                             VALUE 

TXEN                              00000005
TXIE                              00000004
TXIF                              00000004
TXREG                             00000019
TXSTA                             00000098
W                                 00000000
WR                                00000001
WREN                              00000002
WRERR                             00000003
Z                                 00000002
_BODEN_OFF                        00003FBF
_BODEN_ON                         00003FFF
_CPD_OFF                          00003FFF
_CPD_ON                           00003EFF
_CP_ALL                           00000FCF
_CP_OFF                           00003FFF
_DEBUG_OFF                        00003FFF
_DEBUG_ON                         000037FF
_HS_OSC                           00003FFE
_LP_OSC                           00003FFC
_LVP_OFF                          00003F7F
_LVP_ON                           00003FFF
_PWRTE_OFF                        00003FFF
_PWRTE_ON                         00003FF7
_RC_OSC                           00003FFF
_WDT_OFF                          00003FFB
_WDT_ON                           00003FFF
_WRT_ENABLE_OFF                   00003DFF
_WRT_ENABLE_ON                    00003FFF
_XT_OSC                           00003FFD
__16F871                          00000001
again                             0000000C
cont1                             00000028
cont2                             00000029
cont3                             0000002A
dem_refresc                       0000004C
demora                            00000052
dos                               0000001A
inicio                            00000001
loop                              00000057
refresca                          00000028
MPASM 03.90 Released                             CARTELES.ASM   11-23-2007  9:14:55         PAGE 10


MEMORY USAGE MAP ('X' = Used,  '-' = Unused)


0000 : XXXXXXXXXXXXXXXX XXXXXXXXXXXXXXXX XXXXXXXXXXXXXXXX XXXXXXXXXXXXXXXX
0040 : XXXXXXXXXXXXXXXX XXXXXXXXXXXXXXXX XX-------------- ----------------

All other memory blocks unused.

Program Memory Words Used:    98
Program Memory Words Free:  1950


Errors   :     0
Warnings :     0 reported,     0 suppressed
Messages :     8 reported,     0 suppressed

