MPASM 03.90 Released                             TABLAS_2.ASM   11-7-2007  15:38:00         PAGE  1


LOC  OBJECT CODE     LINE SOURCE TEXT
  VALUE

                      00001                 list p = 16f877
                      00002                 #include "p16f877.inc"
                      00001         LIST
                      00002 ; P16F877.INC  Standard Header File, Version 1.00    Microchip Technology, Inc.
                      00373         LIST
                      00003                 ;definición de variables auxiliares
                      00004 
  00000020            00005 num_tecla       = 0x20
  00000021            00006 cod_tecla       = 0x21
                      00007 
                      00008                 ;condiciones iniciales
                      00009 
0000   01A0           00010                 clrf num_tecla  ;tecla = 00
0001   01A1           00011                 clrf cod_tecla  ;tecla = 00
                      00012 
                      00013                 ;Ejemplo ilustrativo # 1 de utilización de creación y utilización de una tabla para deco
                            dificar un
                      00014                 ;teclado hipotético de 16 teclas (las teclas se enumeran desde 0 hasta 15)
                      00015                 ;____________________________________________________________________________
                      00016                 
                      00017 
0002                  00018 inicio          ;carga PCLATH = 04
0002   3004           00019                 movlw 4
0003   008A           00020                 movwf PCLATH
                      00021 
                      00022                 ;carga indice en W
                      00023 
0004   0820           00024                 movf    num_tecla,w
0005   2400           00025                 call cod_ss
0006   00A1           00026                 movwf cod_tecla
                      00027                 ;regresa a la página cero
0007   018A           00028                 clrf PCLATH
                      00029                 ;chequea indice máximo
0008   0820           00030                 movf num_tecla,w
0009   3C10           00031                 sublw d'16'
000A   1903           00032                 btfsc 3,2
000B   280E           00033                 goto fin_tabla
Message[305]: Using default destination of 1 (file).
000C   0AA0           00034                 incf num_tecla
000D   2802           00035                 goto inicio
                      00036                 ;sacados todos los valores
000E   01A0           00037 fin_tabla       clrf num_tecla
000F   2802           00038                 goto inicio
                      00039 
                      00040 ;=================================================================================
0400                  00041                 org 0x400               ;inicio de la tabla en la 0x400
                      00042 ;=========================================================================
                      00043 ;**************************************************************************************************
                      00044 ;tabla de caracteres 7 segmentos para decodificar un teclado matricial.
                      00045 ;Códigos para Anodo Común.
                      00046 
0400   0782           00047 cod_ss          addwf   PCL,1
0401   34F9           00048                 retlw   0xf9                    ;"1"
MPASM 03.90 Released                             TABLAS_2.ASM   11-7-2007  15:38:00         PAGE  2


LOC  OBJECT CODE     LINE SOURCE TEXT
  VALUE

0402   34A4           00049                 retlw   0xa4                    ;"2"
0403   34B0           00050                 retlw   0xb0                    ;"3"
0404   3488           00051                 retlw   0x88                    ;"A"
0405   3499           00052                 retlw   0x99                    ;"4"
0406   3492           00053                 retlw   0x92                    ;"5"
0407   3482           00054                 retlw   0x82                    ;"6"
0408   3483           00055                 retlw   0x83                    ;"B"
0409   34B8           00056                 retlw   0xb8                    ;"7"
040A   3480           00057                 retlw   0x80                    ;"8"
040B   3498           00058                 retlw   0x98                    ;"9"
040C   34C6           00059                 retlw   0xc6                    ;"C"
040D   349C           00060                 retlw   0x9c                    ;"*"
040E   34C0           00061                 retlw   0xc0                    ;"0"
040F   34A3           00062                 retlw   0xa3                    ;"#"
0410   34A1           00063                 retlw   0xa1                    ;"D"
0411   34BF           00064                 retlw   0xbf                    ;"-", no tecla
                      00065 ;-------------------------------------------------------------------------------------------------------
                            ----------------
                      00066                 end
MPASM 03.90 Released                             TABLAS_2.ASM   11-7-2007  15:38:00         PAGE  3


SYMBOL TABLE
  LABEL                             VALUE 

ACKDT                             00000005
ACKEN                             00000004
ACKSTAT                           00000006
ADCON0                            0000001F
ADCON1                            0000009F
ADCS0                             00000006
ADCS1                             00000007
ADDEN                             00000003
ADFM                              00000007
ADIE                              00000006
ADIF                              00000006
ADON                              00000000
ADRESH                            0000001E
ADRESL                            0000009E
BCLIE                             00000003
BCLIF                             00000003
BF                                00000000
BRGH                              00000002
C                                 00000000
CCP1CON                           00000017
CCP1IE                            00000002
CCP1IF                            00000002
CCP1M0                            00000000
CCP1M1                            00000001
CCP1M2                            00000002
CCP1M3                            00000003
CCP1X                             00000005
CCP1Y                             00000004
CCP2CON                           0000001D
CCP2IE                            00000000
CCP2IF                            00000000
CCP2M0                            00000000
CCP2M1                            00000001
CCP2M2                            00000002
CCP2M3                            00000003
CCP2X                             00000005
CCP2Y                             00000004
CCPR1H                            00000016
CCPR1L                            00000015
CCPR2H                            0000001C
CCPR2L                            0000001B
CHS0                              00000003
CHS1                              00000004
CHS2                              00000005
CKE                               00000006
CKP                               00000004
CREN                              00000004
CSRC                              00000007
D                                 00000005
DATA_ADDRESS                      00000005
DC                                00000001
D_A                               00000005
EEADR                             0000010D
MPASM 03.90 Released                             TABLAS_2.ASM   11-7-2007  15:38:00         PAGE  4


SYMBOL TABLE
  LABEL                             VALUE 

EEADRH                            0000010F
EECON1                            0000018C
EECON2                            0000018D
EEDATA                            0000010C
EEDATH                            0000010E
EEIE                              00000004
EEIF                              00000004
EEPGD                             00000007
F                                 00000001
FERR                              00000002
FSR                               00000004
GCEN                              00000007
GIE                               00000007
GO                                00000002
GO_DONE                           00000002
I2C_DATA                          00000005
I2C_READ                          00000002
I2C_START                         00000003
I2C_STOP                          00000004
IBF                               00000007
IBOV                              00000005
INDF                              00000000
INTCON                            0000000B
INTE                              00000004
INTEDG                            00000006
INTF                              00000001
IRP                               00000007
NOT_A                             00000005
NOT_ADDRESS                       00000005
NOT_BO                            00000000
NOT_BOR                           00000000
NOT_DONE                          00000002
NOT_PD                            00000003
NOT_POR                           00000001
NOT_RBPU                          00000007
NOT_RC8                           00000006
NOT_T1SYNC                        00000002
NOT_TO                            00000004
NOT_TX8                           00000006
NOT_W                             00000002
NOT_WRITE                         00000002
OBF                               00000006
OERR                              00000001
OPTION_REG                        00000081
P                                 00000004
PCFG0                             00000000
PCFG1                             00000001
PCFG2                             00000002
PCFG3                             00000003
PCL                               00000002
PCLATH                            0000000A
PCON                              0000008E
PEIE                              00000006
MPASM 03.90 Released                             TABLAS_2.ASM   11-7-2007  15:38:00         PAGE  5


SYMBOL TABLE
  LABEL                             VALUE 

PEN                               00000002
PIE1                              0000008C
PIE2                              0000008D
PIR1                              0000000C
PIR2                              0000000D
PORTA                             00000005
PORTB                             00000006
PORTC                             00000007
PORTD                             00000008
PORTE                             00000009
PR2                               00000092
PS0                               00000000
PS1                               00000001
PS2                               00000002
PSA                               00000003
PSPIE                             00000007
PSPIF                             00000007
PSPMODE                           00000004
R                                 00000002
RBIE                              00000003
RBIF                              00000000
RC8_9                             00000006
RC9                               00000006
RCD8                              00000000
RCEN                              00000003
RCIE                              00000005
RCIF                              00000005
RCREG                             0000001A
RCSTA                             00000018
RD                                00000000
READ_WRITE                        00000002
RP0                               00000005
RP1                               00000006
RSEN                              00000001
RX9                               00000006
RX9D                              00000000
R_W                               00000002
S                                 00000003
SEN                               00000000
SMP                               00000007
SPBRG                             00000099
SPEN                              00000007
SREN                              00000005
SSPADD                            00000093
SSPBUF                            00000013
SSPCON                            00000014
SSPCON2                           00000091
SSPEN                             00000005
SSPIE                             00000003
SSPIF                             00000003
SSPM0                             00000000
SSPM1                             00000001
SSPM2                             00000002
MPASM 03.90 Released                             TABLAS_2.ASM   11-7-2007  15:38:00         PAGE  6


SYMBOL TABLE
  LABEL                             VALUE 

SSPM3                             00000003
SSPOV                             00000006
SSPSTAT                           00000094
STATUS                            00000003
SYNC                              00000004
T0CS                              00000005
T0IE                              00000005
T0IF                              00000002
T0SE                              00000004
T1CKPS0                           00000004
T1CKPS1                           00000005
T1CON                             00000010
T1INSYNC                          00000002
T1OSCEN                           00000003
T1SYNC                            00000002
T2CKPS0                           00000000
T2CKPS1                           00000001
T2CON                             00000012
TMR0                              00000001
TMR1CS                            00000001
TMR1H                             0000000F
TMR1IE                            00000000
TMR1IF                            00000000
TMR1L                             0000000E
TMR1ON                            00000000
TMR2                              00000011
TMR2IE                            00000001
TMR2IF                            00000001
TMR2ON                            00000002
TOUTPS0                           00000003
TOUTPS1                           00000004
TOUTPS2                           00000005
TOUTPS3                           00000006
TRISA                             00000085
TRISB                             00000086
TRISC                             00000087
TRISD                             00000088
TRISE                             00000089
TRISE0                            00000000
TRISE1                            00000001
TRISE2                            00000002
TRMT                              00000001
TX8_9                             00000006
TX9                               00000006
TX9D                              00000000
TXD8                              00000000
TXEN                              00000005
TXIE                              00000004
TXIF                              00000004
TXREG                             00000019
TXSTA                             00000098
UA                                00000001
W                                 00000000
MPASM 03.90 Released                             TABLAS_2.ASM   11-7-2007  15:38:00         PAGE  7


SYMBOL TABLE
  LABEL                             VALUE 

WCOL                              00000007
WR                                00000001
WREN                              00000002
WRERR                             00000003
Z                                 00000002
_BODEN_OFF                        00003FBF
_BODEN_ON                         00003FFF
_CPD_OFF                          00003FFF
_CPD_ON                           00003EFF
_CP_ALL                           00000FCF
_CP_HALF                          00001FDF
_CP_OFF                           00003FFF
_CP_UPPER_256                     00002FEF
_DEBUG_OFF                        00003FFF
_DEBUG_ON                         000037FF
_HS_OSC                           00003FFE
_LP_OSC                           00003FFC
_LVP_OFF                          00003F7F
_LVP_ON                           00003FFF
_PWRTE_OFF                        00003FFF
_PWRTE_ON                         00003FF7
_RC_OSC                           00003FFF
_WDT_OFF                          00003FFB
_WDT_ON                           00003FFF
_WRT_ENABLE_OFF                   00003DFF
_WRT_ENABLE_ON                    00003FFF
_XT_OSC                           00003FFD
__16F877                          00000001
cod_ss                            00000400
cod_tecla                         00000021
fin_tabla                         0000000E
inicio                            00000002
num_tecla                         00000020


MEMORY USAGE MAP ('X' = Used,  '-' = Unused)

0000 : XXXXXXXXXXXXXXXX ---------------- ---------------- ----------------
0400 : XXXXXXXXXXXXXXXX XX-------------- ---------------- ----------------

All other memory blocks unused.

Program Memory Words Used:    34
Program Memory Words Free:  8158


Errors   :     0
Warnings :     0 reported,     0 suppressed
Messages :     1 reported,     0 suppressed

