MPASM 03.90 Released                      DIR_INDIRECTO_2.ASM   10-18-2007  1:48:47         PAGE  1


LOC  OBJECT CODE     LINE SOURCE TEXT
  VALUE

                      00001                 list p = 16f877
                      00002                 #include "p16f877.inc"
                      00001         LIST
                      00002 ; P16F877.INC  Standard Header File, Version 1.00    Microchip Technology, Inc.
                      00373         LIST
                      00003 
                      00004 
                      00005                 ;Ejemplo ilustrativo de utilización de direccionado indirecto de RAM
                      00006                 ;EJERCICIO: transferir los datos guardados en el bloque de RAM desde "buffer1" hasta "bu
                            ffer4"
                      00007                 ;hacia otro bloque de respaldo "c_buffer1" hasta "c_buffer4"
                      00008                 ;____________________________________________________________________________
                      00009                 ;definir direcciones del bloque origen y de respaldo:
                      00010                 ;BLOQUE ORIGEN (20 =====>23)
                      00011 
  00000020            00012 buffer1         =       0x20
  00000021            00013 buffer2         =       0x21
  00000022            00014 buffer3         =       0x22
  00000023            00015 buffer4         =       0x23
                      00016 
                      00017                 ;BLOQUE DESTINO (24 =====>27)
  00000024            00018 c_buffer1       =       0x24
  00000025            00019 c_buffer2       =       0x25
  00000026            00020 c_buffer3       =       0x26
  00000027            00021 c_buffer4       =       0x27
                      00022 
                      00023                 ;variable de respaldo temporal
  00000028            00024 temp            =       0x28
                      00025 
  00000029            00026 offset_1                =       0x29
  0000002A            00027 offset_2                =       0x2a
                      00028                 
                      00029                 ;definir valor del IRP
0000   1383           00030                 bcf 3,7                 ;IRP = 0
                      00031                 ;____________________________________________________________________________
                      00032                 ;cargar primero el FSR con al dirección base DEL BLOQUE ORIGEN (0x20)
                      00033                 ;____________________________________________________________________________
0001   3020           00034 first_step      movlw 0x20
0002   0084           00035                 movwf FSR
0003   01A9           00036                 clrf offset_1
0004   3004           00037                 movlw 4
0005   00AA           00038                 movwf offset_2
                      00039                 ;comienza el lazo que realiza el proceso
                      00040 
0006                  00041 copy_ram        ;_____________________________________________
                      00042                 ;inicia el FSR
0006   3020           00043                 movlw 0x20
0007   0084           00044                 movwf FSR
                      00045                 ;_____________________________________________
                      00046                 ;suma "offset_1" al FSR para direccionar origen
0008   0829           00047                 movf offset_1,w
0009   0784           00048                 addwf FSR,1
                      00049                 ;_____________________________________________
MPASM 03.90 Released                      DIR_INDIRECTO_2.ASM   10-18-2007  1:48:47         PAGE  2


LOC  OBJECT CODE     LINE SOURCE TEXT
  VALUE

                      00050                 ;descarga y respalda dato origen en temp
000A   0800           00051                 movf INDF,0
000B   00A8           00052                 movwf temp
                      00053                 ;_____________________________________________
                      00054                 ;inicia el FSR
000C   3020           00055                 movlw 0x20
000D   0084           00056                 movwf FSR
                      00057                 ;_____________________________________________
                      00058                 ;suma "offset_2" al FSR para direccionar destino
000E   082A           00059                 movf offset_2,w
000F   0784           00060                 addwf FSR,1
                      00061                 ;_____________________________________________
                      00062                 ;descarga dato respaldado en "temp"
0010   0828           00063                 movf temp,w
0011   0080           00064                 movwf INDF      ;graba dato en dirección destino de RAM
                      00065                 ;_____________________________________________
                      00066                 ;compara valor actual del FSR con el valor final del FSR origen (en este caso 0x23)
0012   0829           00067                 movf offset_1,w
0013   3C03           00068                 sublw 3
0014   1903           00069                 btfsc STATUS,2
0015   2801           00070                 goto first_step         ;repetir todo
                      00071                 ;incrementa los "offsets"
Message[305]: Using default destination of 1 (file).
0016   0AA9           00072                 incf offset_1
Message[305]: Using default destination of 1 (file).
0017   0AAA           00073                 incf offset_2
0018   2806           00074                 goto copy_ram           ;repetir para próxima localización
                      00075                 ;fin del proceso, bloque transferido
                      00076                 ;____________________________________________________________________________
                      00077 
                      00078                 end
MPASM 03.90 Released                      DIR_INDIRECTO_2.ASM   10-18-2007  1:48:47         PAGE  3


SYMBOL TABLE
  LABEL                             VALUE 

ACKDT                             00000005
ACKEN                             00000004
ACKSTAT                           00000006
ADCON0                            0000001F
ADCON1                            0000009F
ADCS0                             00000006
ADCS1                             00000007
ADDEN                             00000003
ADFM                              00000007
ADIE                              00000006
ADIF                              00000006
ADON                              00000000
ADRESH                            0000001E
ADRESL                            0000009E
BCLIE                             00000003
BCLIF                             00000003
BF                                00000000
BRGH                              00000002
C                                 00000000
CCP1CON                           00000017
CCP1IE                            00000002
CCP1IF                            00000002
CCP1M0                            00000000
CCP1M1                            00000001
CCP1M2                            00000002
CCP1M3                            00000003
CCP1X                             00000005
CCP1Y                             00000004
CCP2CON                           0000001D
CCP2IE                            00000000
CCP2IF                            00000000
CCP2M0                            00000000
CCP2M1                            00000001
CCP2M2                            00000002
CCP2M3                            00000003
CCP2X                             00000005
CCP2Y                             00000004
CCPR1H                            00000016
CCPR1L                            00000015
CCPR2H                            0000001C
CCPR2L                            0000001B
CHS0                              00000003
CHS1                              00000004
CHS2                              00000005
CKE                               00000006
CKP                               00000004
CREN                              00000004
CSRC                              00000007
D                                 00000005
DATA_ADDRESS                      00000005
DC                                00000001
D_A                               00000005
EEADR                             0000010D
MPASM 03.90 Released                      DIR_INDIRECTO_2.ASM   10-18-2007  1:48:47         PAGE  4


SYMBOL TABLE
  LABEL                             VALUE 

EEADRH                            0000010F
EECON1                            0000018C
EECON2                            0000018D
EEDATA                            0000010C
EEDATH                            0000010E
EEIE                              00000004
EEIF                              00000004
EEPGD                             00000007
F                                 00000001
FERR                              00000002
FSR                               00000004
GCEN                              00000007
GIE                               00000007
GO                                00000002
GO_DONE                           00000002
I2C_DATA                          00000005
I2C_READ                          00000002
I2C_START                         00000003
I2C_STOP                          00000004
IBF                               00000007
IBOV                              00000005
INDF                              00000000
INTCON                            0000000B
INTE                              00000004
INTEDG                            00000006
INTF                              00000001
IRP                               00000007
NOT_A                             00000005
NOT_ADDRESS                       00000005
NOT_BO                            00000000
NOT_BOR                           00000000
NOT_DONE                          00000002
NOT_PD                            00000003
NOT_POR                           00000001
NOT_RBPU                          00000007
NOT_RC8                           00000006
NOT_T1SYNC                        00000002
NOT_TO                            00000004
NOT_TX8                           00000006
NOT_W                             00000002
NOT_WRITE                         00000002
OBF                               00000006
OERR                              00000001
OPTION_REG                        00000081
P                                 00000004
PCFG0                             00000000
PCFG1                             00000001
PCFG2                             00000002
PCFG3                             00000003
PCL                               00000002
PCLATH                            0000000A
PCON                              0000008E
PEIE                              00000006
MPASM 03.90 Released                      DIR_INDIRECTO_2.ASM   10-18-2007  1:48:47         PAGE  5


SYMBOL TABLE
  LABEL                             VALUE 

PEN                               00000002
PIE1                              0000008C
PIE2                              0000008D
PIR1                              0000000C
PIR2                              0000000D
PORTA                             00000005
PORTB                             00000006
PORTC                             00000007
PORTD                             00000008
PORTE                             00000009
PR2                               00000092
PS0                               00000000
PS1                               00000001
PS2                               00000002
PSA                               00000003
PSPIE                             00000007
PSPIF                             00000007
PSPMODE                           00000004
R                                 00000002
RBIE                              00000003
RBIF                              00000000
RC8_9                             00000006
RC9                               00000006
RCD8                              00000000
RCEN                              00000003
RCIE                              00000005
RCIF                              00000005
RCREG                             0000001A
RCSTA                             00000018
RD                                00000000
READ_WRITE                        00000002
RP0                               00000005
RP1                               00000006
RSEN                              00000001
RX9                               00000006
RX9D                              00000000
R_W                               00000002
S                                 00000003
SEN                               00000000
SMP                               00000007
SPBRG                             00000099
SPEN                              00000007
SREN                              00000005
SSPADD                            00000093
SSPBUF                            00000013
SSPCON                            00000014
SSPCON2                           00000091
SSPEN                             00000005
SSPIE                             00000003
SSPIF                             00000003
SSPM0                             00000000
SSPM1                             00000001
SSPM2                             00000002
MPASM 03.90 Released                      DIR_INDIRECTO_2.ASM   10-18-2007  1:48:47         PAGE  6


SYMBOL TABLE
  LABEL                             VALUE 

SSPM3                             00000003
SSPOV                             00000006
SSPSTAT                           00000094
STATUS                            00000003
SYNC                              00000004
T0CS                              00000005
T0IE                              00000005
T0IF                              00000002
T0SE                              00000004
T1CKPS0                           00000004
T1CKPS1                           00000005
T1CON                             00000010
T1INSYNC                          00000002
T1OSCEN                           00000003
T1SYNC                            00000002
T2CKPS0                           00000000
T2CKPS1                           00000001
T2CON                             00000012
TMR0                              00000001
TMR1CS                            00000001
TMR1H                             0000000F
TMR1IE                            00000000
TMR1IF                            00000000
TMR1L                             0000000E
TMR1ON                            00000000
TMR2                              00000011
TMR2IE                            00000001
TMR2IF                            00000001
TMR2ON                            00000002
TOUTPS0                           00000003
TOUTPS1                           00000004
TOUTPS2                           00000005
TOUTPS3                           00000006
TRISA                             00000085
TRISB                             00000086
TRISC                             00000087
TRISD                             00000088
TRISE                             00000089
TRISE0                            00000000
TRISE1                            00000001
TRISE2                            00000002
TRMT                              00000001
TX8_9                             00000006
TX9                               00000006
TX9D                              00000000
TXD8                              00000000
TXEN                              00000005
TXIE                              00000004
TXIF                              00000004
TXREG                             00000019
TXSTA                             00000098
UA                                00000001
W                                 00000000
MPASM 03.90 Released                      DIR_INDIRECTO_2.ASM   10-18-2007  1:48:47         PAGE  7


SYMBOL TABLE
  LABEL                             VALUE 

WCOL                              00000007
WR                                00000001
WREN                              00000002
WRERR                             00000003
Z                                 00000002
_BODEN_OFF                        00003FBF
_BODEN_ON                         00003FFF
_CPD_OFF                          00003FFF
_CPD_ON                           00003EFF
_CP_ALL                           00000FCF
_CP_HALF                          00001FDF
_CP_OFF                           00003FFF
_CP_UPPER_256                     00002FEF
_DEBUG_OFF                        00003FFF
_DEBUG_ON                         000037FF
_HS_OSC                           00003FFE
_LP_OSC                           00003FFC
_LVP_OFF                          00003F7F
_LVP_ON                           00003FFF
_PWRTE_OFF                        00003FFF
_PWRTE_ON                         00003FF7
_RC_OSC                           00003FFF
_WDT_OFF                          00003FFB
_WDT_ON                           00003FFF
_WRT_ENABLE_OFF                   00003DFF
_WRT_ENABLE_ON                    00003FFF
_XT_OSC                           00003FFD
__16F877                          00000001
buffer1                           00000020
buffer2                           00000021
buffer3                           00000022
buffer4                           00000023
c_buffer1                         00000024
c_buffer2                         00000025
c_buffer3                         00000026
c_buffer4                         00000027
copy_ram                          00000006
first_step                        00000001
offset_1                          00000029
offset_2                          0000002A
temp                              00000028
MPASM 03.90 Released                      DIR_INDIRECTO_2.ASM   10-18-2007  1:48:47         PAGE  8


MEMORY USAGE MAP ('X' = Used,  '-' = Unused)


0000 : XXXXXXXXXXXXXXXX XXXXXXXXX------- ---------------- ----------------

All other memory blocks unused.

Program Memory Words Used:    25
Program Memory Words Free:  8167


Errors   :     0
Warnings :     0 reported,     0 suppressed
Messages :     2 reported,     0 suppressed

