MPASM 03.90 Released                        DIR_INDIRECTO.ASM   10-18-2007  0:46:52         PAGE  1


LOC  OBJECT CODE     LINE SOURCE TEXT
  VALUE

Warning[215]: Processor superseded by command line.  Verify processor symbol.
                      00001                 list p = 16f871
                      00002                 #include "p16f871.inc"
                      00001         LIST
                      00002 ; P16F871.INC  Standard Header File, Version 1.00    Microchip Technology, Inc.
Message[301]: MESSAGE: (Processor-header file mismatch.  Verify selected processor.)
                      00306         LIST
                      00003 
                      00004 
                      00005                 ;Ejemplo ilustrativo de utilización de direccionado indirecto de RAM
                      00006                 ;EJERCICIO: primero cargar 0xFF en las localizaciones de RAM desde la 0x20 hasta la 0x2F
                             (banco 0)
                      00007                 ;después limipar las localizaciones de RAM desde la 0x20 hasta la 0x2F (banco 0)
                      00008                 ;Visualizar los registros STATUS, FSR, INDF y las direcciones desde la 0x20 a la 0x2F
                      00009                 ;____________________________________________________________________________
                      00010                 
                      00011                 ;cambiar al banco 0
0000   1283           00012                 bcf 3,5
0001   1303           00013                 bcf 3,6
                      00014                 ;____________________________________________________________________________
                      00015                 ;cargar primero el FSR con al dirección base (0x20)
                      00016                 ;____________________________________________________________________________
0002   3020           00017                 movlw 0x20
0003   0084           00018                 movwf FSR
                      00019                 ;comienza el lazo que realiza el proceso
0004   30FF           00020 load_ram        movlw 0xff
0005   0080           00021                 movwf INDF
0006   0804           00022                 movf FSR,w
0007   3C2F           00023                 sublw 0x2F
0008   1D03           00024                 btfss STATUS,2
0009   2804           00025                 goto load_ram
                      00026                 ;fin del proceso, las localizaciones de RAM cargadas con 0xFF
                      00027                 ;____________________________________________________________________________
                      00028                 ;cargar de nuevo el FSR con la dirección base (0x20)
                      00029                 ;____________________________________________________________________________
000A   3020           00030                 movlw 0x20
000B   0084           00031                 movwf FSR
                      00032                 ;comienza el lazo que realiza el proceso
000C   0180           00033 clear_ram       clrf INDF
000D   0804           00034                 movf FSR,w
000E   3C2F           00035                 sublw 0x2F
000F   1D03           00036                 btfss STATUS,2
0010   280C           00037                 goto clear_ram
0011   2804           00038                 goto load_ram   ;fin del proceso, las localizaciones de RAM cargadas con 0x00
                      00039 
                      00040                 end
MPASM 03.90 Released                        DIR_INDIRECTO.ASM   10-18-2007  0:46:52         PAGE  2


SYMBOL TABLE
  LABEL                             VALUE 

ADCON0                            0000001F
ADCON1                            0000009F
ADCS0                             00000006
ADCS1                             00000007
ADDEN                             00000003
ADFM                              00000007
ADIE                              00000006
ADIF                              00000006
ADON                              00000000
ADRESH                            0000001E
ADRESL                            0000009E
BRGH                              00000002
C                                 00000000
CCP1CON                           00000017
CCP1IE                            00000002
CCP1IF                            00000002
CCP1M0                            00000000
CCP1M1                            00000001
CCP1M2                            00000002
CCP1M3                            00000003
CCP1X                             00000005
CCP1Y                             00000004
CCPR1H                            00000016
CCPR1L                            00000015
CHS0                              00000003
CHS1                              00000004
CHS2                              00000005
CREN                              00000004
CSRC                              00000007
DC                                00000001
EEADR                             0000010D
EEADRH                            0000010F
EECON1                            0000018C
EECON2                            0000018D
EEDATA                            0000010C
EEDATH                            0000010E
EEIE                              00000004
EEIF                              00000004
EEPGD                             00000007
F                                 00000001
FERR                              00000002
FSR                               00000004
GIE                               00000007
GO                                00000002
GO_DONE                           00000002
IBF                               00000007
IBOV                              00000005
INDF                              00000000
INTCON                            0000000B
INTE                              00000004
INTEDG                            00000006
INTF                              00000001
IRP                               00000007
MPASM 03.90 Released                        DIR_INDIRECTO.ASM   10-18-2007  0:46:52         PAGE  3


SYMBOL TABLE
  LABEL                             VALUE 

NOT_BO                            00000000
NOT_BOR                           00000000
NOT_DONE                          00000002
NOT_PD                            00000003
NOT_POR                           00000001
NOT_RBPU                          00000007
NOT_RC8                           00000006
NOT_T1SYNC                        00000002
NOT_TO                            00000004
NOT_TX8                           00000006
OBF                               00000006
OERR                              00000001
OPTION_REG                        00000081
PCFG0                             00000000
PCFG1                             00000001
PCFG2                             00000002
PCFG3                             00000003
PCL                               00000002
PCLATH                            0000000A
PCON                              0000008E
PEIE                              00000006
PIE1                              0000008C
PIE2                              0000008D
PIR1                              0000000C
PIR2                              0000000D
PORTA                             00000005
PORTB                             00000006
PORTC                             00000007
PORTD                             00000008
PORTE                             00000009
PR2                               00000092
PS0                               00000000
PS1                               00000001
PS2                               00000002
PSA                               00000003
PSPIE                             00000007
PSPIF                             00000007
PSPMODE                           00000004
RBIE                              00000003
RBIF                              00000000
RC8_9                             00000006
RC9                               00000006
RCD8                              00000000
RCIE                              00000005
RCIF                              00000005
RCREG                             0000001A
RCSTA                             00000018
RD                                00000000
RP0                               00000005
RP1                               00000006
RX9                               00000006
RX9D                              00000000
SPBRG                             00000099
MPASM 03.90 Released                        DIR_INDIRECTO.ASM   10-18-2007  0:46:52         PAGE  4


SYMBOL TABLE
  LABEL                             VALUE 

SPEN                              00000007
SREN                              00000005
STATUS                            00000003
SYNC                              00000004
T0CS                              00000005
T0IE                              00000005
T0IF                              00000002
T0SE                              00000004
T1CKPS0                           00000004
T1CKPS1                           00000005
T1CON                             00000010
T1INSYNC                          00000002
T1OSCEN                           00000003
T1SYNC                            00000002
T2CKPS0                           00000000
T2CKPS1                           00000001
T2CON                             00000012
TMR0                              00000001
TMR1CS                            00000001
TMR1H                             0000000F
TMR1IE                            00000000
TMR1IF                            00000000
TMR1L                             0000000E
TMR1ON                            00000000
TMR2                              00000011
TMR2IE                            00000001
TMR2IF                            00000001
TMR2ON                            00000002
TOUTPS0                           00000003
TOUTPS1                           00000004
TOUTPS2                           00000005
TOUTPS3                           00000006
TRISA                             00000085
TRISB                             00000086
TRISC                             00000087
TRISD                             00000088
TRISE                             00000089
TRISE0                            00000000
TRISE1                            00000001
TRISE2                            00000002
TRMT                              00000001
TX8_9                             00000006
TX9                               00000006
TX9D                              00000000
TXD8                              00000000
TXEN                              00000005
TXIE                              00000004
TXIF                              00000004
TXREG                             00000019
TXSTA                             00000098
W                                 00000000
WR                                00000001
WREN                              00000002
MPASM 03.90 Released                        DIR_INDIRECTO.ASM   10-18-2007  0:46:52         PAGE  5


SYMBOL TABLE
  LABEL                             VALUE 

WRERR                             00000003
Z                                 00000002
_BODEN_OFF                        00003FBF
_BODEN_ON                         00003FFF
_CPD_OFF                          00003FFF
_CPD_ON                           00003EFF
_CP_ALL                           00000FCF
_CP_OFF                           00003FFF
_DEBUG_OFF                        00003FFF
_DEBUG_ON                         000037FF
_HS_OSC                           00003FFE
_LP_OSC                           00003FFC
_LVP_OFF                          00003F7F
_LVP_ON                           00003FFF
_PWRTE_OFF                        00003FFF
_PWRTE_ON                         00003FF7
_RC_OSC                           00003FFF
_WDT_OFF                          00003FFB
_WDT_ON                           00003FFF
_WRT_ENABLE_OFF                   00003DFF
_WRT_ENABLE_ON                    00003FFF
_XT_OSC                           00003FFD
__16F877                          00000001
clear_ram                         0000000C
load_ram                          00000004


MEMORY USAGE MAP ('X' = Used,  '-' = Unused)

0000 : XXXXXXXXXXXXXXXX XX-------------- ---------------- ----------------

All other memory blocks unused.

Program Memory Words Used:    18
Program Memory Words Free:  8174


Errors   :     0
Warnings :     1 reported,     0 suppressed
Messages :     1 reported,     0 suppressed

